<?xml version="1.0" encoding="UTF-8"?>
<!-- Generated by org.testng.reporters.JUnitReportReporter -->
<testsuite skipped="0" hostname="MKHO2LIS0050854" name="com.herokuapp.theinternet.SeleniumLoginTests" tests="1" failures="0" timestamp="05 Sep 2023 10:41:31 GMT" time="15.257" errors="0">
  <testcase name="loginTest" time="15.257" classname="com.herokuapp.theinternet.SeleniumLoginTests"/>
</testsuite> <!-- com.herokuapp.theinternet.SeleniumLoginTests -->
